debug: Fri, 24 Jun 2022 03:21:52 GMT
debug: Project: D:\CMS\TextCMS
debug: Targets: editor,preview
debug: Incremental file seems great.
debug: Engine path: D:\Cocos\Cocos 3.5.0\resources\resources\3d\engine
debug: Initializing target [Editor]
debug: Loading cache
debug: Loading cache costs 41.29749999998603ms.
debug: Engine features shipped in editor: base,gfx-webgl,gfx-webgl2,3d,animation,skeletal-animation,2d,ui,particle,particle-2d,physics-framework,physics-2d-framework,intersection-2d,primitive,profiler,audio,video,terrain,webview,tween,tiled-map,spine,dragon-bones,marionette
debug: Initializing target [Preview]
debug: Loading cache
debug: Loading cache costs 6.004100000020117ms.
debug: Sync engine features: 2d,animation,audio,base,dragon-bones,gfx-webgl,gfx-webgl2,intersection-2d,marionette,particle-2d,physics-2d-box2d,profiler,skeletal-animation,spine,tiled-map,tween,ui,video,webview
debug: Pulling asset-db.
debug: Fetch asset-db cost: 7.648699999961536ms.
debug: Build iteration starts.
Number of accumulated asset changes: 5
Feature changed: false
debug: Target(editor) build started.
debug: Detected change: cce:/internal/x/cc. Last mtime: Thu Jan 01 1970 07:00:08 GMT+0700 (Indochina Time), Current mtime: Thu Jan 01 1970 07:00:09 GMT+0700 (Indochina Time)
debug: Inspect cce:/internal/x/cc
debug: Resolve cce:/internal/x/cc-fu/base from cce:/internal/x/cc as external dependency cce:/internal/x/cc-fu/base.
debug: Resolve cce:/internal/x/cc-fu/gfx-webgl from cce:/internal/x/cc as external dependency cce:/internal/x/cc-fu/gfx-webgl.
debug: Resolve cce:/internal/x/cc-fu/gfx-webgl2 from cce:/internal/x/cc as external dependency cce:/internal/x/cc-fu/gfx-webgl2.
debug: Resolve cce:/internal/x/cc-fu/3d from cce:/internal/x/cc as external dependency cce:/internal/x/cc-fu/3d.
debug: Resolve cce:/internal/x/cc-fu/animation from cce:/internal/x/cc as external dependency cce:/internal/x/cc-fu/animation.
debug: Resolve cce:/internal/x/cc-fu/skeletal-animation from cce:/internal/x/cc as external dependency cce:/internal/x/cc-fu/skeletal-animation.
debug: Resolve cce:/internal/x/cc-fu/2d from cce:/internal/x/cc as external dependency cce:/internal/x/cc-fu/2d.
debug: Resolve cce:/internal/x/cc-fu/ui from cce:/internal/x/cc as external dependency cce:/internal/x/cc-fu/ui.
debug: Resolve cce:/internal/x/cc-fu/particle from cce:/internal/x/cc as external dependency cce:/internal/x/cc-fu/particle.
debug: Resolve cce:/internal/x/cc-fu/particle-2d from cce:/internal/x/cc as external dependency cce:/internal/x/cc-fu/particle-2d.
debug: Resolve cce:/internal/x/cc-fu/physics-framework from cce:/internal/x/cc as external dependency cce:/internal/x/cc-fu/physics-framework.
debug: Resolve cce:/internal/x/cc-fu/physics-2d-framework from cce:/internal/x/cc as external dependency cce:/internal/x/cc-fu/physics-2d-framework.
debug: Resolve cce:/internal/x/cc-fu/intersection-2d from cce:/internal/x/cc as external dependency cce:/internal/x/cc-fu/intersection-2d.
debug: Resolve cce:/internal/x/cc-fu/primitive from cce:/internal/x/cc as external dependency cce:/internal/x/cc-fu/primitive.
debug: Resolve cce:/internal/x/cc-fu/profiler from cce:/internal/x/cc as external dependency cce:/internal/x/cc-fu/profiler.
debug: Resolve cce:/internal/x/cc-fu/audio from cce:/internal/x/cc as external dependency cce:/internal/x/cc-fu/audio.
debug: Resolve cce:/internal/x/cc-fu/video from cce:/internal/x/cc as external dependency cce:/internal/x/cc-fu/video.
debug: Resolve cce:/internal/x/cc-fu/terrain from cce:/internal/x/cc as external dependency cce:/internal/x/cc-fu/terrain.
debug: Resolve cce:/internal/x/cc-fu/webview from cce:/internal/x/cc as external dependency cce:/internal/x/cc-fu/webview.
debug: Resolve cce:/internal/x/cc-fu/tween from cce:/internal/x/cc as external dependency cce:/internal/x/cc-fu/tween.
debug: Resolve cce:/internal/x/cc-fu/tiled-map from cce:/internal/x/cc as external dependency cce:/internal/x/cc-fu/tiled-map.
debug: Resolve cce:/internal/x/cc-fu/spine from cce:/internal/x/cc as external dependency cce:/internal/x/cc-fu/spine.
debug: Resolve cce:/internal/x/cc-fu/dragon-bones from cce:/internal/x/cc as external dependency cce:/internal/x/cc-fu/dragon-bones.
debug: Detected change: cce:/internal/x/prerequisite-imports. Last mtime: Thu Jan 01 1970 07:00:08 GMT+0700 (Indochina Time), Current mtime: Thu Jan 01 1970 07:00:09 GMT+0700 (Indochina Time)
debug: Inspect cce:/internal/x/prerequisite-imports
debug: Resolve file:///D:/CMS/TextCMS/assets/Scripts/Gamemanager.ts from cce:/internal/x/prerequisite-imports as file:///D:/CMS/TextCMS/assets/Scripts/Gamemanager.ts.
debug: Detected change: cce:/internal/code-quality/cr.mjs. Last mtime: Fri Jun 24 2022 09:58:59 GMT+0700 (Indochina Time), Current mtime: Fri Jun 24 2022 10:21:43 GMT+0700 (Indochina Time)
debug: Inspect cce:/internal/code-quality/cr.mjs
debug: Resolve file:///D:/CMS/TextCMS/assets/Scripts/Item.ts from cce:/internal/x/prerequisite-imports as file:///D:/CMS/TextCMS/assets/Scripts/Item.ts.
debug: Resolve file:///D:/CMS/TextCMS/assets/Scripts/ItemShip.ts from cce:/internal/x/prerequisite-imports as file:///D:/CMS/TextCMS/assets/Scripts/ItemShip.ts.
debug: Resolve file:///D:/CMS/TextCMS/assets/Scripts/JsonData.ts from cce:/internal/x/prerequisite-imports as file:///D:/CMS/TextCMS/assets/Scripts/JsonData.ts.
debug: Resolve file:///D:/CMS/TextCMS/assets/Scripts/move.ts from cce:/internal/x/prerequisite-imports as file:///D:/CMS/TextCMS/assets/Scripts/move.ts.
debug: Target(editor) ends with cost 219.71699999994598ms.
debug: Target(preview) build started.
debug: Detected change: cce:/internal/x/cc. Last mtime: Thu Jan 01 1970 07:00:08 GMT+0700 (Indochina Time), Current mtime: Thu Jan 01 1970 07:00:09 GMT+0700 (Indochina Time)
debug: Inspect cce:/internal/x/cc
debug: Resolve cce:/internal/x/cc-fu/2d from cce:/internal/x/cc as external dependency cce:/internal/x/cc-fu/2d.
debug: Resolve cce:/internal/x/cc-fu/animation from cce:/internal/x/cc as external dependency cce:/internal/x/cc-fu/animation.
debug: Resolve cce:/internal/x/cc-fu/audio from cce:/internal/x/cc as external dependency cce:/internal/x/cc-fu/audio.
debug: Resolve cce:/internal/x/cc-fu/base from cce:/internal/x/cc as external dependency cce:/internal/x/cc-fu/base.
debug: Resolve cce:/internal/x/cc-fu/dragon-bones from cce:/internal/x/cc as external dependency cce:/internal/x/cc-fu/dragon-bones.
debug: Resolve cce:/internal/x/cc-fu/gfx-webgl from cce:/internal/x/cc as external dependency cce:/internal/x/cc-fu/gfx-webgl.
debug: Resolve cce:/internal/x/cc-fu/gfx-webgl2 from cce:/internal/x/cc as external dependency cce:/internal/x/cc-fu/gfx-webgl2.
debug: Resolve cce:/internal/x/cc-fu/intersection-2d from cce:/internal/x/cc as external dependency cce:/internal/x/cc-fu/intersection-2d.
debug: Resolve cce:/internal/x/cc-fu/particle-2d from cce:/internal/x/cc as external dependency cce:/internal/x/cc-fu/particle-2d.
debug: Resolve cce:/internal/x/cc-fu/physics-2d-box2d from cce:/internal/x/cc as external dependency cce:/internal/x/cc-fu/physics-2d-box2d.
debug: Resolve cce:/internal/x/cc-fu/physics-2d-framework from cce:/internal/x/cc as external dependency cce:/internal/x/cc-fu/physics-2d-framework.
debug: Resolve cce:/internal/x/cc-fu/profiler from cce:/internal/x/cc as external dependency cce:/internal/x/cc-fu/profiler.
debug: Resolve cce:/internal/x/cc-fu/skeletal-animation from cce:/internal/x/cc as external dependency cce:/internal/x/cc-fu/skeletal-animation.
debug: Resolve cce:/internal/x/cc-fu/spine from cce:/internal/x/cc as external dependency cce:/internal/x/cc-fu/spine.
debug: Resolve cce:/internal/x/cc-fu/tiled-map from cce:/internal/x/cc as external dependency cce:/internal/x/cc-fu/tiled-map.
debug: Resolve cce:/internal/x/cc-fu/tween from cce:/internal/x/cc as external dependency cce:/internal/x/cc-fu/tween.
debug: Resolve cce:/internal/x/cc-fu/ui from cce:/internal/x/cc as external dependency cce:/internal/x/cc-fu/ui.
debug: Resolve cce:/internal/x/cc-fu/video from cce:/internal/x/cc as external dependency cce:/internal/x/cc-fu/video.
debug: Resolve cce:/internal/x/cc-fu/webview from cce:/internal/x/cc as external dependency cce:/internal/x/cc-fu/webview.
debug: Detected change: cce:/internal/x/prerequisite-imports. Last mtime: Thu Jan 01 1970 07:00:08 GMT+0700 (Indochina Time), Current mtime: Thu Jan 01 1970 07:00:09 GMT+0700 (Indochina Time)
debug: Inspect cce:/internal/x/prerequisite-imports
debug: Resolve file:///D:/CMS/TextCMS/assets/Scripts/Gamemanager.ts from cce:/internal/x/prerequisite-imports as file:///D:/CMS/TextCMS/assets/Scripts/Gamemanager.ts.
debug: Detected change: cce:/internal/code-quality/cr.mjs. Last mtime: Fri Jun 24 2022 09:58:59 GMT+0700 (Indochina Time), Current mtime: Fri Jun 24 2022 10:21:43 GMT+0700 (Indochina Time)
debug: Inspect cce:/internal/code-quality/cr.mjs
debug: Resolve file:///D:/CMS/TextCMS/assets/Scripts/Item.ts from cce:/internal/x/prerequisite-imports as file:///D:/CMS/TextCMS/assets/Scripts/Item.ts.
debug: Resolve file:///D:/CMS/TextCMS/assets/Scripts/ItemShip.ts from cce:/internal/x/prerequisite-imports as file:///D:/CMS/TextCMS/assets/Scripts/ItemShip.ts.
debug: Resolve file:///D:/CMS/TextCMS/assets/Scripts/JsonData.ts from cce:/internal/x/prerequisite-imports as file:///D:/CMS/TextCMS/assets/Scripts/JsonData.ts.
debug: Resolve file:///D:/CMS/TextCMS/assets/Scripts/move.ts from cce:/internal/x/prerequisite-imports as file:///D:/CMS/TextCMS/assets/Scripts/move.ts.
debug: Target(preview) ends with cost 89.85519999999087ms.
debug: Dispatch build request for time accumulated 1 asset changes.
debug: Build iteration starts.
Number of accumulated asset changes: 1
Feature changed: false
debug: Target(editor) build started.
debug: Detected change: cce:/internal/x/prerequisite-imports. Last mtime: Thu Jan 01 1970 07:00:09 GMT+0700 (Indochina Time), Current mtime: Thu Jan 01 1970 14:01:10 GMT+0700 (Indochina Time)
debug: Inspect cce:/internal/x/prerequisite-imports
debug: Resolve file:///D:/CMS/TextCMS/assets/Scripts/Gamemanager.ts from cce:/internal/x/prerequisite-imports as file:///D:/CMS/TextCMS/assets/Scripts/Gamemanager.ts.
debug: Detected change: file:///D:/CMS/TextCMS/assets/Scripts/Gamemanager.ts. Last mtime: Fri Jun 24 2022 09:50:24 GMT+0700 (Indochina Time)@8a173564-f174-4d82-aeac-f5abf8a022be, Current mtime: Fri Jun 24 2022 17:22:54 GMT+0700 (Indochina Time)@8a173564-f174-4d82-aeac-f5abf8a022be
debug: Inspect file:///D:/CMS/TextCMS/assets/Scripts/Gamemanager.ts
debug: Resolve cce:/internal/code-quality/cr.mjs from file:///D:/CMS/TextCMS/assets/Scripts/Gamemanager.ts as cce:/internal/code-quality/cr.mjs.
debug: Resolve cc from file:///D:/CMS/TextCMS/assets/Scripts/Gamemanager.ts as cce:/internal/x/cc.
debug: Resolve cc from file:///D:/CMS/TextCMS/assets/Scripts/Gamemanager.ts as cce:/internal/x/cc.
debug: Resolve ./Item from file:///D:/CMS/TextCMS/assets/Scripts/Gamemanager.ts as file:///D:/CMS/TextCMS/assets/Scripts/Item.ts.
debug: Resolve file:///D:/CMS/TextCMS/assets/Scripts/Item.ts from cce:/internal/x/prerequisite-imports as file:///D:/CMS/TextCMS/assets/Scripts/Item.ts.
debug: Resolve file:///D:/CMS/TextCMS/assets/Scripts/ItemShip.ts from cce:/internal/x/prerequisite-imports as file:///D:/CMS/TextCMS/assets/Scripts/ItemShip.ts.
debug: Resolve file:///D:/CMS/TextCMS/assets/Scripts/JsonData.ts from cce:/internal/x/prerequisite-imports as file:///D:/CMS/TextCMS/assets/Scripts/JsonData.ts.
debug: Resolve file:///D:/CMS/TextCMS/assets/Scripts/move.ts from cce:/internal/x/prerequisite-imports as file:///D:/CMS/TextCMS/assets/Scripts/move.ts.
debug: Target(editor) ends with cost 297.3366000019014ms.
debug: Target(preview) build started.
debug: Detected change: cce:/internal/x/prerequisite-imports. Last mtime: Thu Jan 01 1970 07:00:09 GMT+0700 (Indochina Time), Current mtime: Thu Jan 01 1970 14:01:10 GMT+0700 (Indochina Time)
debug: Inspect cce:/internal/x/prerequisite-imports
debug: Resolve file:///D:/CMS/TextCMS/assets/Scripts/Gamemanager.ts from cce:/internal/x/prerequisite-imports as file:///D:/CMS/TextCMS/assets/Scripts/Gamemanager.ts.
debug: Detected change: file:///D:/CMS/TextCMS/assets/Scripts/Gamemanager.ts. Last mtime: Fri Jun 24 2022 09:50:24 GMT+0700 (Indochina Time)@8a173564-f174-4d82-aeac-f5abf8a022be, Current mtime: Fri Jun 24 2022 17:22:54 GMT+0700 (Indochina Time)@8a173564-f174-4d82-aeac-f5abf8a022be
debug: Inspect file:///D:/CMS/TextCMS/assets/Scripts/Gamemanager.ts
debug: Resolve cce:/internal/code-quality/cr.mjs from file:///D:/CMS/TextCMS/assets/Scripts/Gamemanager.ts as cce:/internal/code-quality/cr.mjs.
debug: Resolve cc from file:///D:/CMS/TextCMS/assets/Scripts/Gamemanager.ts as cce:/internal/x/cc.
debug: Resolve cc from file:///D:/CMS/TextCMS/assets/Scripts/Gamemanager.ts as cce:/internal/x/cc.
debug: Resolve ./Item from file:///D:/CMS/TextCMS/assets/Scripts/Gamemanager.ts as file:///D:/CMS/TextCMS/assets/Scripts/Item.ts.
debug: Resolve file:///D:/CMS/TextCMS/assets/Scripts/Item.ts from cce:/internal/x/prerequisite-imports as file:///D:/CMS/TextCMS/assets/Scripts/Item.ts.
debug: Resolve file:///D:/CMS/TextCMS/assets/Scripts/ItemShip.ts from cce:/internal/x/prerequisite-imports as file:///D:/CMS/TextCMS/assets/Scripts/ItemShip.ts.
debug: Resolve file:///D:/CMS/TextCMS/assets/Scripts/JsonData.ts from cce:/internal/x/prerequisite-imports as file:///D:/CMS/TextCMS/assets/Scripts/JsonData.ts.
debug: Resolve file:///D:/CMS/TextCMS/assets/Scripts/move.ts from cce:/internal/x/prerequisite-imports as file:///D:/CMS/TextCMS/assets/Scripts/move.ts.
debug: Target(preview) ends with cost 255.41080000251532ms.
debug: Dispatch build request for time accumulated 1 asset changes.
debug: Build iteration starts.
Number of accumulated asset changes: 1
Feature changed: false
debug: Target(editor) build started.
debug: Detected change: cce:/internal/x/prerequisite-imports. Last mtime: Thu Jan 01 1970 14:01:10 GMT+0700 (Indochina Time), Current mtime: Thu Jan 01 1970 14:02:30 GMT+0700 (Indochina Time)
debug: Inspect cce:/internal/x/prerequisite-imports
debug: Resolve file:///D:/CMS/TextCMS/assets/Scripts/Gamemanager.ts from cce:/internal/x/prerequisite-imports as file:///D:/CMS/TextCMS/assets/Scripts/Gamemanager.ts.
debug: Detected change: file:///D:/CMS/TextCMS/assets/Scripts/Gamemanager.ts. Last mtime: Fri Jun 24 2022 17:22:54 GMT+0700 (Indochina Time)@8a173564-f174-4d82-aeac-f5abf8a022be, Current mtime: Fri Jun 24 2022 17:24:13 GMT+0700 (Indochina Time)@8a173564-f174-4d82-aeac-f5abf8a022be
debug: Inspect file:///D:/CMS/TextCMS/assets/Scripts/Gamemanager.ts
debug: Resolve cce:/internal/code-quality/cr.mjs from file:///D:/CMS/TextCMS/assets/Scripts/Gamemanager.ts as cce:/internal/code-quality/cr.mjs.
debug: Resolve cc from file:///D:/CMS/TextCMS/assets/Scripts/Gamemanager.ts as cce:/internal/x/cc.
debug: Resolve cc from file:///D:/CMS/TextCMS/assets/Scripts/Gamemanager.ts as cce:/internal/x/cc.
debug: Resolve ./Item from file:///D:/CMS/TextCMS/assets/Scripts/Gamemanager.ts as file:///D:/CMS/TextCMS/assets/Scripts/Item.ts.
debug: Resolve ./ItemShip from file:///D:/CMS/TextCMS/assets/Scripts/Gamemanager.ts as file:///D:/CMS/TextCMS/assets/Scripts/ItemShip.ts.
debug: Resolve file:///D:/CMS/TextCMS/assets/Scripts/Item.ts from cce:/internal/x/prerequisite-imports as file:///D:/CMS/TextCMS/assets/Scripts/Item.ts.
debug: Resolve file:///D:/CMS/TextCMS/assets/Scripts/ItemShip.ts from cce:/internal/x/prerequisite-imports as file:///D:/CMS/TextCMS/assets/Scripts/ItemShip.ts.
debug: Resolve file:///D:/CMS/TextCMS/assets/Scripts/JsonData.ts from cce:/internal/x/prerequisite-imports as file:///D:/CMS/TextCMS/assets/Scripts/JsonData.ts.
debug: Resolve file:///D:/CMS/TextCMS/assets/Scripts/move.ts from cce:/internal/x/prerequisite-imports as file:///D:/CMS/TextCMS/assets/Scripts/move.ts.
debug: Target(editor) ends with cost 142.56390000134706ms.
debug: Target(preview) build started.
debug: Detected change: cce:/internal/x/prerequisite-imports. Last mtime: Thu Jan 01 1970 14:01:10 GMT+0700 (Indochina Time), Current mtime: Thu Jan 01 1970 14:02:30 GMT+0700 (Indochina Time)
debug: Inspect cce:/internal/x/prerequisite-imports
debug: Resolve file:///D:/CMS/TextCMS/assets/Scripts/Gamemanager.ts from cce:/internal/x/prerequisite-imports as file:///D:/CMS/TextCMS/assets/Scripts/Gamemanager.ts.
debug: Detected change: file:///D:/CMS/TextCMS/assets/Scripts/Gamemanager.ts. Last mtime: Fri Jun 24 2022 17:22:54 GMT+0700 (Indochina Time)@8a173564-f174-4d82-aeac-f5abf8a022be, Current mtime: Fri Jun 24 2022 17:24:13 GMT+0700 (Indochina Time)@8a173564-f174-4d82-aeac-f5abf8a022be
debug: Inspect file:///D:/CMS/TextCMS/assets/Scripts/Gamemanager.ts
debug: Resolve cce:/internal/code-quality/cr.mjs from file:///D:/CMS/TextCMS/assets/Scripts/Gamemanager.ts as cce:/internal/code-quality/cr.mjs.
debug: Resolve cc from file:///D:/CMS/TextCMS/assets/Scripts/Gamemanager.ts as cce:/internal/x/cc.
debug: Resolve cc from file:///D:/CMS/TextCMS/assets/Scripts/Gamemanager.ts as cce:/internal/x/cc.
debug: Resolve ./Item from file:///D:/CMS/TextCMS/assets/Scripts/Gamemanager.ts as file:///D:/CMS/TextCMS/assets/Scripts/Item.ts.
debug: Resolve ./ItemShip from file:///D:/CMS/TextCMS/assets/Scripts/Gamemanager.ts as file:///D:/CMS/TextCMS/assets/Scripts/ItemShip.ts.
debug: Resolve file:///D:/CMS/TextCMS/assets/Scripts/Item.ts from cce:/internal/x/prerequisite-imports as file:///D:/CMS/TextCMS/assets/Scripts/Item.ts.
debug: Resolve file:///D:/CMS/TextCMS/assets/Scripts/ItemShip.ts from cce:/internal/x/prerequisite-imports as file:///D:/CMS/TextCMS/assets/Scripts/ItemShip.ts.
debug: Resolve file:///D:/CMS/TextCMS/assets/Scripts/JsonData.ts from cce:/internal/x/prerequisite-imports as file:///D:/CMS/TextCMS/assets/Scripts/JsonData.ts.
debug: Resolve file:///D:/CMS/TextCMS/assets/Scripts/move.ts from cce:/internal/x/prerequisite-imports as file:///D:/CMS/TextCMS/assets/Scripts/move.ts.
debug: Target(preview) ends with cost 191.24060000106692ms.
debug: Dispatch build request for time accumulated 1 asset changes.
debug: Build iteration starts.
Number of accumulated asset changes: 1
Feature changed: false
debug: Target(editor) build started.
debug: Detected change: cce:/internal/x/prerequisite-imports. Last mtime: Thu Jan 01 1970 14:02:30 GMT+0700 (Indochina Time), Current mtime: Thu Jan 01 1970 14:04:01 GMT+0700 (Indochina Time)
debug: Inspect cce:/internal/x/prerequisite-imports
debug: Resolve file:///D:/CMS/TextCMS/assets/Scripts/Gamemanager.ts from cce:/internal/x/prerequisite-imports as file:///D:/CMS/TextCMS/assets/Scripts/Gamemanager.ts.
debug: Detected change: file:///D:/CMS/TextCMS/assets/Scripts/Gamemanager.ts. Last mtime: Fri Jun 24 2022 17:24:13 GMT+0700 (Indochina Time)@8a173564-f174-4d82-aeac-f5abf8a022be, Current mtime: Fri Jun 24 2022 17:25:40 GMT+0700 (Indochina Time)@8a173564-f174-4d82-aeac-f5abf8a022be
debug: Inspect file:///D:/CMS/TextCMS/assets/Scripts/Gamemanager.ts
debug: Resolve cce:/internal/code-quality/cr.mjs from file:///D:/CMS/TextCMS/assets/Scripts/Gamemanager.ts as cce:/internal/code-quality/cr.mjs.
debug: Resolve cc from file:///D:/CMS/TextCMS/assets/Scripts/Gamemanager.ts as cce:/internal/x/cc.
debug: Resolve cc from file:///D:/CMS/TextCMS/assets/Scripts/Gamemanager.ts as cce:/internal/x/cc.
debug: Resolve ./Item from file:///D:/CMS/TextCMS/assets/Scripts/Gamemanager.ts as file:///D:/CMS/TextCMS/assets/Scripts/Item.ts.
debug: Resolve ./ItemShip from file:///D:/CMS/TextCMS/assets/Scripts/Gamemanager.ts as file:///D:/CMS/TextCMS/assets/Scripts/ItemShip.ts.
debug: Resolve file:///D:/CMS/TextCMS/assets/Scripts/Item.ts from cce:/internal/x/prerequisite-imports as file:///D:/CMS/TextCMS/assets/Scripts/Item.ts.
debug: Resolve file:///D:/CMS/TextCMS/assets/Scripts/ItemShip.ts from cce:/internal/x/prerequisite-imports as file:///D:/CMS/TextCMS/assets/Scripts/ItemShip.ts.
debug: Resolve file:///D:/CMS/TextCMS/assets/Scripts/JsonData.ts from cce:/internal/x/prerequisite-imports as file:///D:/CMS/TextCMS/assets/Scripts/JsonData.ts.
debug: Resolve file:///D:/CMS/TextCMS/assets/Scripts/move.ts from cce:/internal/x/prerequisite-imports as file:///D:/CMS/TextCMS/assets/Scripts/move.ts.
debug: Target(editor) ends with cost 140.44519999995828ms.
debug: Target(preview) build started.
debug: Detected change: cce:/internal/x/prerequisite-imports. Last mtime: Thu Jan 01 1970 14:02:30 GMT+0700 (Indochina Time), Current mtime: Thu Jan 01 1970 14:04:01 GMT+0700 (Indochina Time)
debug: Inspect cce:/internal/x/prerequisite-imports
debug: Resolve file:///D:/CMS/TextCMS/assets/Scripts/Gamemanager.ts from cce:/internal/x/prerequisite-imports as file:///D:/CMS/TextCMS/assets/Scripts/Gamemanager.ts.
debug: Detected change: file:///D:/CMS/TextCMS/assets/Scripts/Gamemanager.ts. Last mtime: Fri Jun 24 2022 17:24:13 GMT+0700 (Indochina Time)@8a173564-f174-4d82-aeac-f5abf8a022be, Current mtime: Fri Jun 24 2022 17:25:40 GMT+0700 (Indochina Time)@8a173564-f174-4d82-aeac-f5abf8a022be
debug: Inspect file:///D:/CMS/TextCMS/assets/Scripts/Gamemanager.ts
debug: Resolve cce:/internal/code-quality/cr.mjs from file:///D:/CMS/TextCMS/assets/Scripts/Gamemanager.ts as cce:/internal/code-quality/cr.mjs.
debug: Resolve cc from file:///D:/CMS/TextCMS/assets/Scripts/Gamemanager.ts as cce:/internal/x/cc.
debug: Resolve cc from file:///D:/CMS/TextCMS/assets/Scripts/Gamemanager.ts as cce:/internal/x/cc.
debug: Resolve ./Item from file:///D:/CMS/TextCMS/assets/Scripts/Gamemanager.ts as file:///D:/CMS/TextCMS/assets/Scripts/Item.ts.
debug: Resolve ./ItemShip from file:///D:/CMS/TextCMS/assets/Scripts/Gamemanager.ts as file:///D:/CMS/TextCMS/assets/Scripts/ItemShip.ts.
debug: Resolve file:///D:/CMS/TextCMS/assets/Scripts/Item.ts from cce:/internal/x/prerequisite-imports as file:///D:/CMS/TextCMS/assets/Scripts/Item.ts.
debug: Resolve file:///D:/CMS/TextCMS/assets/Scripts/ItemShip.ts from cce:/internal/x/prerequisite-imports as file:///D:/CMS/TextCMS/assets/Scripts/ItemShip.ts.
debug: Resolve file:///D:/CMS/TextCMS/assets/Scripts/JsonData.ts from cce:/internal/x/prerequisite-imports as file:///D:/CMS/TextCMS/assets/Scripts/JsonData.ts.
debug: Resolve file:///D:/CMS/TextCMS/assets/Scripts/move.ts from cce:/internal/x/prerequisite-imports as file:///D:/CMS/TextCMS/assets/Scripts/move.ts.
debug: Target(preview) ends with cost 193.48499999940395ms.
debug: Dispatch build request for time accumulated 1 asset changes.
debug: Build iteration starts.
Number of accumulated asset changes: 1
Feature changed: false
debug: Target(editor) build started.
debug: Detected change: cce:/internal/x/prerequisite-imports. Last mtime: Thu Jan 01 1970 14:04:01 GMT+0700 (Indochina Time), Current mtime: Thu Jan 01 1970 14:07:41 GMT+0700 (Indochina Time)
debug: Inspect cce:/internal/x/prerequisite-imports
debug: Resolve file:///D:/CMS/TextCMS/assets/Scripts/Gamemanager.ts from cce:/internal/x/prerequisite-imports as file:///D:/CMS/TextCMS/assets/Scripts/Gamemanager.ts.
debug: Detected change: file:///D:/CMS/TextCMS/assets/Scripts/Gamemanager.ts. Last mtime: Fri Jun 24 2022 17:25:40 GMT+0700 (Indochina Time)@8a173564-f174-4d82-aeac-f5abf8a022be, Current mtime: Fri Jun 24 2022 17:27:36 GMT+0700 (Indochina Time)@8a173564-f174-4d82-aeac-f5abf8a022be
debug: Inspect file:///D:/CMS/TextCMS/assets/Scripts/Gamemanager.ts
debug: Resolve cce:/internal/code-quality/cr.mjs from file:///D:/CMS/TextCMS/assets/Scripts/Gamemanager.ts as cce:/internal/code-quality/cr.mjs.
debug: Resolve cc from file:///D:/CMS/TextCMS/assets/Scripts/Gamemanager.ts as cce:/internal/x/cc.
debug: Resolve cc from file:///D:/CMS/TextCMS/assets/Scripts/Gamemanager.ts as cce:/internal/x/cc.
debug: Resolve ./Item from file:///D:/CMS/TextCMS/assets/Scripts/Gamemanager.ts as file:///D:/CMS/TextCMS/assets/Scripts/Item.ts.
debug: Resolve ./ItemShip from file:///D:/CMS/TextCMS/assets/Scripts/Gamemanager.ts as file:///D:/CMS/TextCMS/assets/Scripts/ItemShip.ts.
debug: Resolve file:///D:/CMS/TextCMS/assets/Scripts/Item.ts from cce:/internal/x/prerequisite-imports as file:///D:/CMS/TextCMS/assets/Scripts/Item.ts.
debug: Resolve file:///D:/CMS/TextCMS/assets/Scripts/ItemShip.ts from cce:/internal/x/prerequisite-imports as file:///D:/CMS/TextCMS/assets/Scripts/ItemShip.ts.
debug: Resolve file:///D:/CMS/TextCMS/assets/Scripts/JsonData.ts from cce:/internal/x/prerequisite-imports as file:///D:/CMS/TextCMS/assets/Scripts/JsonData.ts.
debug: Resolve file:///D:/CMS/TextCMS/assets/Scripts/move.ts from cce:/internal/x/prerequisite-imports as file:///D:/CMS/TextCMS/assets/Scripts/move.ts.
debug: Target(editor) ends with cost 125.82270000129938ms.
debug: Target(preview) build started.
debug: Detected change: cce:/internal/x/prerequisite-imports. Last mtime: Thu Jan 01 1970 14:04:01 GMT+0700 (Indochina Time), Current mtime: Thu Jan 01 1970 14:07:41 GMT+0700 (Indochina Time)
debug: Inspect cce:/internal/x/prerequisite-imports
debug: Resolve file:///D:/CMS/TextCMS/assets/Scripts/Gamemanager.ts from cce:/internal/x/prerequisite-imports as file:///D:/CMS/TextCMS/assets/Scripts/Gamemanager.ts.
debug: Detected change: file:///D:/CMS/TextCMS/assets/Scripts/Gamemanager.ts. Last mtime: Fri Jun 24 2022 17:25:40 GMT+0700 (Indochina Time)@8a173564-f174-4d82-aeac-f5abf8a022be, Current mtime: Fri Jun 24 2022 17:27:36 GMT+0700 (Indochina Time)@8a173564-f174-4d82-aeac-f5abf8a022be
debug: Inspect file:///D:/CMS/TextCMS/assets/Scripts/Gamemanager.ts
debug: Resolve cce:/internal/code-quality/cr.mjs from file:///D:/CMS/TextCMS/assets/Scripts/Gamemanager.ts as cce:/internal/code-quality/cr.mjs.
debug: Resolve cc from file:///D:/CMS/TextCMS/assets/Scripts/Gamemanager.ts as cce:/internal/x/cc.
debug: Resolve cc from file:///D:/CMS/TextCMS/assets/Scripts/Gamemanager.ts as cce:/internal/x/cc.
debug: Resolve ./Item from file:///D:/CMS/TextCMS/assets/Scripts/Gamemanager.ts as file:///D:/CMS/TextCMS/assets/Scripts/Item.ts.
debug: Resolve ./ItemShip from file:///D:/CMS/TextCMS/assets/Scripts/Gamemanager.ts as file:///D:/CMS/TextCMS/assets/Scripts/ItemShip.ts.
debug: Resolve file:///D:/CMS/TextCMS/assets/Scripts/Item.ts from cce:/internal/x/prerequisite-imports as file:///D:/CMS/TextCMS/assets/Scripts/Item.ts.
debug: Resolve file:///D:/CMS/TextCMS/assets/Scripts/ItemShip.ts from cce:/internal/x/prerequisite-imports as file:///D:/CMS/TextCMS/assets/Scripts/ItemShip.ts.
debug: Resolve file:///D:/CMS/TextCMS/assets/Scripts/JsonData.ts from cce:/internal/x/prerequisite-imports as file:///D:/CMS/TextCMS/assets/Scripts/JsonData.ts.
debug: Resolve file:///D:/CMS/TextCMS/assets/Scripts/move.ts from cce:/internal/x/prerequisite-imports as file:///D:/CMS/TextCMS/assets/Scripts/move.ts.
debug: Target(preview) ends with cost 193.08330000191927ms.
